<?xml version="1.0" encoding="UTF-8"?>
<!-- Generated by org.testng.reporters.JUnitXMLReporter -->
<testsuite ignored="5" hostname="LAPTOP-8L9PS7HV" failures="0" tests="1" name="Default test" time="11.664" errors="0" timestamp="2023-06-23T16:29:49 IST">
  <testcase classname="com.Sauce.WebAutomation.DashboardTestCase" name="DropDown" time="6.509"/>
  <testcase classname="com.Sauce.WebAutomation.DashboardTestCase" name="addToCart" time="0.0">
    <ignored/>
  </testcase> <!-- addToCart -->
  <testcase classname="com.Sauce.WebAutomation.DashboardTestCase" name="addToCartMultipleIteam" time="0.0">
    <ignored/>
  </testcase> <!-- addToCartMultipleIteam -->
  <testcase classname="com.Sauce.WebAutomation.DashboardTestCase" name="aboutMe" time="0.0">
    <ignored/>
  </testcase> <!-- aboutMe -->
  <testcase classname="com.Sauce.WebAutomation.DashboardTestCase" name="continueShopping" time="0.0">
    <ignored/>
  </testcase> <!-- continueShopping -->
  <testcase classname="com.Sauce.WebAutomation.DashboardTestCase" name="getMenu" time="0.0">
    <ignored/>
  </testcase> <!-- getMenu -->
</testsuite> <!-- Default test -->
