<?xml version="1.0" encoding="UTF-8"?>
<!-- Generated by org.testng.reporters.JUnitXMLReporter -->
<testsuite ignored="4" hostname="LAPTOP-8L9PS7HV" failures="0" tests="1" name="Default test" time="6.624" errors="0" timestamp="2023-06-22T22:26:46 IST">
  <testcase classname="com.Sauce.WebAutomation.LoginTestCase" name="LogOut" time="3.379"/>
  <testcase classname="com.Sauce.WebAutomation.LoginTestCase" name="verify_login_page" time="0.0">
    <ignored/>
  </testcase> <!-- verify_login_page -->
  <testcase classname="com.Sauce.WebAutomation.LoginTestCase" name="verify_login_error" time="0.0">
    <ignored/>
  </testcase> <!-- verify_login_error -->
  <testcase classname="com.Sauce.WebAutomation.LoginTestCase" name="usernameIsrequired" time="0.0">
    <ignored/>
  </testcase> <!-- usernameIsrequired -->
  <testcase classname="com.Sauce.WebAutomation.LoginTestCase" name="PasswordIsrequired" time="0.0">
    <ignored/>
  </testcase> <!-- PasswordIsrequired -->
</testsuite> <!-- Default test -->
