<?xml version="1.0" encoding="UTF-8"?>
<!-- Generated by org.testng.reporters.JUnitXMLReporter -->
<testsuite ignored="0" hostname="LAPTOP-8L9PS7HV" failures="0" tests="11" name="Test" time="75.842" errors="0" timestamp="2023-06-23T16:32:11 IST">
  <testcase classname="com.Sauce.WebAutomation.DashboardTestCase" name="DropDown" time="6.432"/>
  <testcase classname="com.Sauce.WebAutomation.DashboardTestCase" name="aboutMe" time="10.398"/>
  <testcase classname="com.Sauce.WebAutomation.DashboardTestCase" name="addToCart" time="3.397"/>
  <testcase classname="com.Sauce.WebAutomation.DashboardTestCase" name="addToCartMultipleIteam" time="3.461"/>
  <testcase classname="com.Sauce.WebAutomation.DashboardTestCase" name="continueShopping" time="6.597"/>
  <testcase classname="com.Sauce.WebAutomation.DashboardTestCase" name="getMenu" time="0.325"/>
  <testcase classname="com.Sauce.WebAutomation.LoginTestCase" name="LogOut" time="3.418"/>
  <testcase classname="com.Sauce.WebAutomation.LoginTestCase" name="PasswordIsrequired" time="0.145"/>
  <testcase classname="com.Sauce.WebAutomation.LoginTestCase" name="usernameIsrequired" time="0.172"/>
  <testcase classname="com.Sauce.WebAutomation.LoginTestCase" name="verify_login_error" time="0.183"/>
  <testcase classname="com.Sauce.WebAutomation.LoginTestCase" name="verify_login_page" time="0.304"/>
</testsuite> <!-- Test -->
