<?xml version="1.0" encoding="UTF-8"?>
<!-- Generated by org.testng.reporters.JUnitXMLReporter -->
<testsuite ignored="0" hostname="LAPTOP-8L9PS7HV" failures="0" tests="10" name="Test" time="52.437" errors="0" timestamp="2023-06-22T22:29:15 IST">
  <testcase classname="com.Sauce.WebAutomation.DashboardTestCase" name="aboutMe" time="7.155"/>
  <testcase classname="com.Sauce.WebAutomation.DashboardTestCase" name="addToCart" time="3.475"/>
  <testcase classname="com.Sauce.WebAutomation.DashboardTestCase" name="addToCartMultipleIteam" time="3.5"/>
  <testcase classname="com.Sauce.WebAutomation.DashboardTestCase" name="continueShopping" time="6.6"/>
  <testcase classname="com.Sauce.WebAutomation.DashboardTestCase" name="getMenu" time="0.424"/>
  <testcase classname="com.Sauce.WebAutomation.LoginTestCase" name="LogOut" time="3.433"/>
  <testcase classname="com.Sauce.WebAutomation.LoginTestCase" name="PasswordIsrequired" time="0.208"/>
  <testcase classname="com.Sauce.WebAutomation.LoginTestCase" name="usernameIsrequired" time="0.176"/>
  <testcase classname="com.Sauce.WebAutomation.LoginTestCase" name="verify_login_error" time="0.253"/>
  <testcase classname="com.Sauce.WebAutomation.LoginTestCase" name="verify_login_page" time="0.307"/>
</testsuite> <!-- Test -->
