<?xml version="1.0" encoding="UTF-8"?>
<testng-results ignored="0" total="18" passed="18" failed="0" skipped="0">
  <reporter-output>
  </reporter-output>
  <suite started-at="2023-06-23T18:13:32 IST" name="Suite" finished-at="2023-06-23T18:15:55 IST" duration-ms="143470">
    <groups>
    </groups>
    <test started-at="2023-06-23T18:13:32 IST" name="Test" finished-at="2023-06-23T18:15:55 IST" duration-ms="143470">
      <class name="com.Sauce.WebAutomation.CartPageTestCase">
        <test-method is-config="true" signature="setup()[pri:0, instance:com.Sauce.WebAutomation.CartPageTestCase@78123e82]" started-at="2023-06-23T18:15:04 IST" name="setup" finished-at="2023-06-23T18:15:07 IST" duration-ms="2528" status="PASS">
          <reporter-output>
          </reporter-output>
        </test-method> <!-- setup -->
        <test-method signature="FormFilling()[pri:0, instance:com.Sauce.WebAutomation.CartPageTestCase@78123e82]" started-at="2023-06-23T18:15:07 IST" name="FormFilling" description="Filling information form" finished-at="2023-06-23T18:15:11 IST" duration-ms="4218" status="PASS">
          <reporter-output>
          </reporter-output>
        </test-method> <!-- FormFilling -->
        <test-method is-config="true" signature="teardown()[pri:0, instance:com.Sauce.WebAutomation.CartPageTestCase@78123e82]" started-at="2023-06-23T18:15:11 IST" name="teardown" finished-at="2023-06-23T18:15:11 IST" duration-ms="162" status="PASS">
          <reporter-output>
          </reporter-output>
        </test-method> <!-- teardown -->
        <test-method is-config="true" signature="setup()[pri:0, instance:com.Sauce.WebAutomation.CartPageTestCase@78123e82]" started-at="2023-06-23T18:15:11 IST" name="setup" finished-at="2023-06-23T18:15:14 IST" duration-ms="2845" status="PASS">
          <reporter-output>
          </reporter-output>
        </test-method> <!-- setup -->
        <test-method signature="checkOut()[pri:0, instance:com.Sauce.WebAutomation.CartPageTestCase@78123e82]" started-at="2023-06-23T18:15:14 IST" name="checkOut" description="End to end till finish Checkout" finished-at="2023-06-23T18:15:18 IST" duration-ms="4217" status="PASS">
          <reporter-output>
          </reporter-output>
        </test-method> <!-- checkOut -->
        <test-method is-config="true" signature="teardown()[pri:0, instance:com.Sauce.WebAutomation.CartPageTestCase@78123e82]" started-at="2023-06-23T18:15:18 IST" name="teardown" finished-at="2023-06-23T18:15:18 IST" duration-ms="151" status="PASS">
          <reporter-output>
          </reporter-output>
        </test-method> <!-- teardown -->
        <test-method is-config="true" signature="setup()[pri:0, instance:com.Sauce.WebAutomation.CartPageTestCase@78123e82]" started-at="2023-06-23T18:15:18 IST" name="setup" finished-at="2023-06-23T18:15:21 IST" duration-ms="2873" status="PASS">
          <reporter-output>
          </reporter-output>
        </test-method> <!-- setup -->
        <test-method signature="checkoutForm()[pri:0, instance:com.Sauce.WebAutomation.CartPageTestCase@78123e82]" started-at="2023-06-23T18:15:21 IST" name="checkoutForm" description="Verify whether landed on information page" finished-at="2023-06-23T18:15:25 IST" duration-ms="3860" status="PASS">
          <reporter-output>
          </reporter-output>
        </test-method> <!-- checkoutForm -->
        <test-method is-config="true" signature="teardown()[pri:0, instance:com.Sauce.WebAutomation.CartPageTestCase@78123e82]" started-at="2023-06-23T18:15:25 IST" name="teardown" finished-at="2023-06-23T18:15:25 IST" duration-ms="152" status="PASS">
          <reporter-output>
          </reporter-output>
        </test-method> <!-- teardown -->
        <test-method is-config="true" signature="setup()[pri:0, instance:com.Sauce.WebAutomation.CartPageTestCase@78123e82]" started-at="2023-06-23T18:15:25 IST" name="setup" finished-at="2023-06-23T18:15:31 IST" duration-ms="5511" status="PASS">
          <reporter-output>
          </reporter-output>
        </test-method> <!-- setup -->
        <test-method signature="validatingFormPage()[pri:0, instance:com.Sauce.WebAutomation.CartPageTestCase@78123e82]" started-at="2023-06-23T18:15:31 IST" name="validatingFormPage" description="Without passing any details in form page and click continue" finished-at="2023-06-23T18:15:34 IST" duration-ms="3877" status="PASS">
          <reporter-output>
          </reporter-output>
        </test-method> <!-- validatingFormPage -->
        <test-method is-config="true" signature="teardown()[pri:0, instance:com.Sauce.WebAutomation.CartPageTestCase@78123e82]" started-at="2023-06-23T18:15:34 IST" name="teardown" finished-at="2023-06-23T18:15:35 IST" duration-ms="152" status="PASS">
          <reporter-output>
          </reporter-output>
        </test-method> <!-- teardown -->
        <test-method is-config="true" signature="setup()[pri:0, instance:com.Sauce.WebAutomation.CartPageTestCase@78123e82]" started-at="2023-06-23T18:15:35 IST" name="setup" finished-at="2023-06-23T18:15:37 IST" duration-ms="2613" status="PASS">
          <reporter-output>
          </reporter-output>
        </test-method> <!-- setup -->
        <test-method signature="validatingwithoutFirsyName()[pri:0, instance:com.Sauce.WebAutomation.CartPageTestCase@78123e82]" started-at="2023-06-23T18:15:37 IST" name="validatingwithoutFirsyName" description="Without passing FirstName in form page and click continue" finished-at="2023-06-23T18:15:41 IST" duration-ms="4146" status="PASS">
          <reporter-output>
          </reporter-output>
        </test-method> <!-- validatingwithoutFirsyName -->
        <test-method is-config="true" signature="teardown()[pri:0, instance:com.Sauce.WebAutomation.CartPageTestCase@78123e82]" started-at="2023-06-23T18:15:41 IST" name="teardown" finished-at="2023-06-23T18:15:41 IST" duration-ms="160" status="PASS">
          <reporter-output>
          </reporter-output>
        </test-method> <!-- teardown -->
        <test-method is-config="true" signature="setup()[pri:0, instance:com.Sauce.WebAutomation.CartPageTestCase@78123e82]" started-at="2023-06-23T18:15:41 IST" name="setup" finished-at="2023-06-23T18:15:44 IST" duration-ms="2555" status="PASS">
          <reporter-output>
          </reporter-output>
        </test-method> <!-- setup -->
        <test-method signature="validatingwithoutLastName()[pri:0, instance:com.Sauce.WebAutomation.CartPageTestCase@78123e82]" started-at="2023-06-23T18:15:44 IST" name="validatingwithoutLastName" description="Without passing lastname in form page and click continue" finished-at="2023-06-23T18:15:48 IST" duration-ms="4107" status="PASS">
          <reporter-output>
          </reporter-output>
        </test-method> <!-- validatingwithoutLastName -->
        <test-method is-config="true" signature="teardown()[pri:0, instance:com.Sauce.WebAutomation.CartPageTestCase@78123e82]" started-at="2023-06-23T18:15:48 IST" name="teardown" finished-at="2023-06-23T18:15:48 IST" duration-ms="167" status="PASS">
          <reporter-output>
          </reporter-output>
        </test-method> <!-- teardown -->
        <test-method is-config="true" signature="setup()[pri:0, instance:com.Sauce.WebAutomation.CartPageTestCase@78123e82]" started-at="2023-06-23T18:15:48 IST" name="setup" finished-at="2023-06-23T18:15:51 IST" duration-ms="2459" status="PASS">
          <reporter-output>
          </reporter-output>
        </test-method> <!-- setup -->
        <test-method signature="validatingwithoutZipcode()[pri:0, instance:com.Sauce.WebAutomation.CartPageTestCase@78123e82]" started-at="2023-06-23T18:15:51 IST" name="validatingwithoutZipcode" description="Without passing Zipcode in form page and click continue" finished-at="2023-06-23T18:15:55 IST" duration-ms="4078" status="PASS">
          <reporter-output>
          </reporter-output>
        </test-method> <!-- validatingwithoutZipcode -->
        <test-method is-config="true" signature="teardown()[pri:0, instance:com.Sauce.WebAutomation.CartPageTestCase@78123e82]" started-at="2023-06-23T18:15:55 IST" name="teardown" finished-at="2023-06-23T18:15:55 IST" duration-ms="176" status="PASS">
          <reporter-output>
          </reporter-output>
        </test-method> <!-- teardown -->
      </class> <!-- com.Sauce.WebAutomation.CartPageTestCase -->
      <class name="com.Sauce.WebAutomation.DashboardTestCase">
        <test-method is-config="true" signature="setup()[pri:0, instance:com.Sauce.WebAutomation.DashboardTestCase@57d7f8ca]" started-at="2023-06-23T18:13:32 IST" name="setup" finished-at="2023-06-23T18:13:39 IST" duration-ms="7531" status="PASS">
          <reporter-output>
          </reporter-output>
        </test-method> <!-- setup -->
        <test-method signature="DropDown()[pri:0, instance:com.Sauce.WebAutomation.DashboardTestCase@57d7f8ca]" started-at="2023-06-23T18:13:39 IST" name="DropDown" description="Using Price low to high filer and getting " finished-at="2023-06-23T18:13:46 IST" duration-ms="6573" status="PASS">
          <reporter-output>
          </reporter-output>
        </test-method> <!-- DropDown -->
        <test-method is-config="true" signature="teardown()[pri:0, instance:com.Sauce.WebAutomation.DashboardTestCase@57d7f8ca]" started-at="2023-06-23T18:13:46 IST" name="teardown" finished-at="2023-06-23T18:13:46 IST" duration-ms="169" status="PASS">
          <reporter-output>
          </reporter-output>
        </test-method> <!-- teardown -->
        <test-method is-config="true" signature="setup()[pri:0, instance:com.Sauce.WebAutomation.DashboardTestCase@57d7f8ca]" started-at="2023-06-23T18:13:46 IST" name="setup" finished-at="2023-06-23T18:13:48 IST" duration-ms="2502" status="PASS">
          <reporter-output>
          </reporter-output>
        </test-method> <!-- setup -->
        <test-method signature="aboutMe()[pri:0, instance:com.Sauce.WebAutomation.DashboardTestCase@57d7f8ca]" started-at="2023-06-23T18:13:48 IST" name="aboutMe" description="On click about menu and getting text from about page" finished-at="2023-06-23T18:14:11 IST" duration-ms="22316" status="PASS">
          <reporter-output>
          </reporter-output>
        </test-method> <!-- aboutMe -->
        <test-method is-config="true" signature="teardown()[pri:0, instance:com.Sauce.WebAutomation.DashboardTestCase@57d7f8ca]" started-at="2023-06-23T18:14:11 IST" name="teardown" finished-at="2023-06-23T18:14:11 IST" duration-ms="205" status="PASS">
          <reporter-output>
          </reporter-output>
        </test-method> <!-- teardown -->
        <test-method is-config="true" signature="setup()[pri:0, instance:com.Sauce.WebAutomation.DashboardTestCase@57d7f8ca]" started-at="2023-06-23T18:14:11 IST" name="setup" finished-at="2023-06-23T18:14:14 IST" duration-ms="3402" status="PASS">
          <reporter-output>
          </reporter-output>
        </test-method> <!-- setup -->
        <test-method signature="addToCart()[pri:0, instance:com.Sauce.WebAutomation.DashboardTestCase@57d7f8ca]" started-at="2023-06-23T18:14:14 IST" name="addToCart" description="Adding item in cart" finished-at="2023-06-23T18:14:18 IST" duration-ms="3551" status="PASS">
          <reporter-output>
          </reporter-output>
        </test-method> <!-- addToCart -->
        <test-method is-config="true" signature="teardown()[pri:0, instance:com.Sauce.WebAutomation.DashboardTestCase@57d7f8ca]" started-at="2023-06-23T18:14:18 IST" name="teardown" finished-at="2023-06-23T18:14:18 IST" duration-ms="172" status="PASS">
          <reporter-output>
          </reporter-output>
        </test-method> <!-- teardown -->
        <test-method is-config="true" signature="setup()[pri:0, instance:com.Sauce.WebAutomation.DashboardTestCase@57d7f8ca]" started-at="2023-06-23T18:14:18 IST" name="setup" finished-at="2023-06-23T18:14:21 IST" duration-ms="2817" status="PASS">
          <reporter-output>
          </reporter-output>
        </test-method> <!-- setup -->
        <test-method signature="addToCartMultipleIteam()[pri:0, instance:com.Sauce.WebAutomation.DashboardTestCase@57d7f8ca]" started-at="2023-06-23T18:14:21 IST" name="addToCartMultipleIteam" description="Adding multiple item in add" finished-at="2023-06-23T18:14:25 IST" duration-ms="3718" status="PASS">
          <reporter-output>
          </reporter-output>
        </test-method> <!-- addToCartMultipleIteam -->
        <test-method is-config="true" signature="teardown()[pri:0, instance:com.Sauce.WebAutomation.DashboardTestCase@57d7f8ca]" started-at="2023-06-23T18:14:25 IST" name="teardown" finished-at="2023-06-23T18:14:25 IST" duration-ms="157" status="PASS">
          <reporter-output>
          </reporter-output>
        </test-method> <!-- teardown -->
        <test-method is-config="true" signature="setup()[pri:0, instance:com.Sauce.WebAutomation.DashboardTestCase@57d7f8ca]" started-at="2023-06-23T18:14:25 IST" name="setup" finished-at="2023-06-23T18:14:30 IST" duration-ms="4822" status="PASS">
          <reporter-output>
          </reporter-output>
        </test-method> <!-- setup -->
        <test-method signature="continueShopping()[pri:0, instance:com.Sauce.WebAutomation.DashboardTestCase@57d7f8ca]" started-at="2023-06-23T18:14:30 IST" name="continueShopping" description="Verify whether use is able to go back to Products page " finished-at="2023-06-23T18:14:36 IST" duration-ms="6839" status="PASS">
          <reporter-output>
          </reporter-output>
        </test-method> <!-- continueShopping -->
        <test-method is-config="true" signature="teardown()[pri:0, instance:com.Sauce.WebAutomation.DashboardTestCase@57d7f8ca]" started-at="2023-06-23T18:14:36 IST" name="teardown" finished-at="2023-06-23T18:14:37 IST" duration-ms="152" status="PASS">
          <reporter-output>
          </reporter-output>
        </test-method> <!-- teardown -->
        <test-method is-config="true" signature="setup()[pri:0, instance:com.Sauce.WebAutomation.DashboardTestCase@57d7f8ca]" started-at="2023-06-23T18:14:37 IST" name="setup" finished-at="2023-06-23T18:14:44 IST" duration-ms="7505" status="PASS">
          <reporter-output>
          </reporter-output>
        </test-method> <!-- setup -->
        <test-method signature="getMenu()[pri:0, instance:com.Sauce.WebAutomation.DashboardTestCase@57d7f8ca]" started-at="2023-06-23T18:14:44 IST" name="getMenu" description="Click on menu and checking whether menu is displayed or not" finished-at="2023-06-23T18:14:45 IST" duration-ms="483" status="PASS">
          <reporter-output>
          </reporter-output>
        </test-method> <!-- getMenu -->
        <test-method is-config="true" signature="teardown()[pri:0, instance:com.Sauce.WebAutomation.DashboardTestCase@57d7f8ca]" started-at="2023-06-23T18:14:45 IST" name="teardown" finished-at="2023-06-23T18:14:45 IST" duration-ms="146" status="PASS">
          <reporter-output>
          </reporter-output>
        </test-method> <!-- teardown -->
      </class> <!-- com.Sauce.WebAutomation.DashboardTestCase -->
      <class name="com.Sauce.WebAutomation.LoginTestCase">
        <test-method is-config="true" signature="setup()[pri:0, instance:com.Sauce.WebAutomation.LoginTestCase@76c3e77a]" started-at="2023-06-23T18:14:45 IST" name="setup" finished-at="2023-06-23T18:14:47 IST" duration-ms="2602" status="PASS">
          <reporter-output>
          </reporter-output>
        </test-method> <!-- setup -->
        <test-method signature="LogOut()[pri:0, instance:com.Sauce.WebAutomation.LoginTestCase@76c3e77a]" started-at="2023-06-23T18:14:47 IST" name="LogOut" description="Verify to check whether user is able to logout" finished-at="2023-06-23T18:14:51 IST" duration-ms="3584" status="PASS">
          <reporter-output>
          </reporter-output>
        </test-method> <!-- LogOut -->
        <test-method is-config="true" signature="teardown()[pri:0, instance:com.Sauce.WebAutomation.LoginTestCase@76c3e77a]" started-at="2023-06-23T18:14:51 IST" name="teardown" finished-at="2023-06-23T18:14:51 IST" duration-ms="175" status="PASS">
          <reporter-output>
          </reporter-output>
        </test-method> <!-- teardown -->
        <test-method is-config="true" signature="setup()[pri:0, instance:com.Sauce.WebAutomation.LoginTestCase@76c3e77a]" started-at="2023-06-23T18:14:51 IST" name="setup" finished-at="2023-06-23T18:14:53 IST" duration-ms="2433" status="PASS">
          <reporter-output>
          </reporter-output>
        </test-method> <!-- setup -->
        <test-method signature="PasswordIsrequired()[pri:0, instance:com.Sauce.WebAutomation.LoginTestCase@76c3e77a]" started-at="2023-06-23T18:14:53 IST" name="PasswordIsrequired" description="Verify validation if only password is passed" finished-at="2023-06-23T18:14:54 IST" duration-ms="244" status="PASS">
          <reporter-output>
          </reporter-output>
        </test-method> <!-- PasswordIsrequired -->
        <test-method is-config="true" signature="teardown()[pri:0, instance:com.Sauce.WebAutomation.LoginTestCase@76c3e77a]" started-at="2023-06-23T18:14:54 IST" name="teardown" finished-at="2023-06-23T18:14:54 IST" duration-ms="131" status="PASS">
          <reporter-output>
          </reporter-output>
        </test-method> <!-- teardown -->
        <test-method is-config="true" signature="setup()[pri:0, instance:com.Sauce.WebAutomation.LoginTestCase@76c3e77a]" started-at="2023-06-23T18:14:54 IST" name="setup" finished-at="2023-06-23T18:14:56 IST" duration-ms="2481" status="PASS">
          <reporter-output>
          </reporter-output>
        </test-method> <!-- setup -->
        <test-method signature="usernameIsrequired()[pri:0, instance:com.Sauce.WebAutomation.LoginTestCase@76c3e77a]" started-at="2023-06-23T18:14:56 IST" name="usernameIsrequired" description="Verify validation on if only username is passed" finished-at="2023-06-23T18:14:57 IST" duration-ms="257" status="PASS">
          <reporter-output>
          </reporter-output>
        </test-method> <!-- usernameIsrequired -->
        <test-method is-config="true" signature="teardown()[pri:0, instance:com.Sauce.WebAutomation.LoginTestCase@76c3e77a]" started-at="2023-06-23T18:14:57 IST" name="teardown" finished-at="2023-06-23T18:14:57 IST" duration-ms="154" status="PASS">
          <reporter-output>
          </reporter-output>
        </test-method> <!-- teardown -->
        <test-method is-config="true" signature="setup()[pri:0, instance:com.Sauce.WebAutomation.LoginTestCase@76c3e77a]" started-at="2023-06-23T18:14:57 IST" name="setup" finished-at="2023-06-23T18:15:00 IST" duration-ms="3590" status="PASS">
          <reporter-output>
          </reporter-output>
        </test-method> <!-- setup -->
        <test-method signature="verify_login_error()[pri:0, instance:com.Sauce.WebAutomation.LoginTestCase@76c3e77a]" started-at="2023-06-23T18:15:00 IST" name="verify_login_error" description="Verifying validation on incorret username and password" finished-at="2023-06-23T18:15:01 IST" duration-ms="329" status="PASS">
          <reporter-output>
          </reporter-output>
        </test-method> <!-- verify_login_error -->
        <test-method is-config="true" signature="teardown()[pri:0, instance:com.Sauce.WebAutomation.LoginTestCase@76c3e77a]" started-at="2023-06-23T18:15:01 IST" name="teardown" finished-at="2023-06-23T18:15:01 IST" duration-ms="121" status="PASS">
          <reporter-output>
          </reporter-output>
        </test-method> <!-- teardown -->
        <test-method is-config="true" signature="setup()[pri:0, instance:com.Sauce.WebAutomation.LoginTestCase@76c3e77a]" started-at="2023-06-23T18:15:01 IST" name="setup" finished-at="2023-06-23T18:15:03 IST" duration-ms="2649" status="PASS">
          <reporter-output>
          </reporter-output>
        </test-method> <!-- setup -->
        <test-method signature="verify_login_page()[pri:0, instance:com.Sauce.WebAutomation.LoginTestCase@76c3e77a]" started-at="2023-06-23T18:15:03 IST" name="verify_login_page" description="Login with Valid id and password" finished-at="2023-06-23T18:15:04 IST" duration-ms="413" status="PASS">
          <reporter-output>
          </reporter-output>
        </test-method> <!-- verify_login_page -->
        <test-method is-config="true" signature="teardown()[pri:0, instance:com.Sauce.WebAutomation.LoginTestCase@76c3e77a]" started-at="2023-06-23T18:15:04 IST" name="teardown" finished-at="2023-06-23T18:15:04 IST" duration-ms="168" status="PASS">
          <reporter-output>
          </reporter-output>
        </test-method> <!-- teardown -->
      </class> <!-- com.Sauce.WebAutomation.LoginTestCase -->
    </test> <!-- Test -->
  </suite> <!-- Suite -->
</testng-results>
