<?xml version="1.0" encoding="UTF-8"?>
<testng-results ignored="4" total="5" passed="1" failed="0" skipped="0">
  <reporter-output>
  </reporter-output>
  <suite started-at="2023-06-22T22:04:04 IST" name="Default suite" finished-at="2023-06-22T22:04:15 IST" duration-ms="10634">
    <groups>
    </groups>
    <test started-at="2023-06-22T22:04:04 IST" name="Default test" finished-at="2023-06-22T22:04:15 IST" duration-ms="10634">
      <class name="com.Sauce.WebAutomation.DashboardTestCase">
        <test-method is-config="true" signature="setup()[pri:0, instance:com.Sauce.WebAutomation.DashboardTestCase@4bb33f74]" started-at="2023-06-22T22:04:04 IST" name="setup" finished-at="2023-06-22T22:04:08 IST" duration-ms="3854" status="PASS">
          <reporter-output>
          </reporter-output>
        </test-method> <!-- setup -->
        <test-method signature="continueShopping()[pri:0, instance:com.Sauce.WebAutomation.DashboardTestCase@4bb33f74]" started-at="2023-06-22T22:04:08 IST" name="continueShopping" description="Verify whether use is able to go back to Products page " finished-at="2023-06-22T22:04:14 IST" duration-ms="6573" status="PASS">
          <reporter-output>
          </reporter-output>
        </test-method> <!-- continueShopping -->
        <test-method is-config="true" signature="teardown()[pri:0, instance:com.Sauce.WebAutomation.DashboardTestCase@4bb33f74]" started-at="2023-06-22T22:04:14 IST" name="teardown" finished-at="2023-06-22T22:04:15 IST" duration-ms="178" status="PASS">
          <reporter-output>
          </reporter-output>
        </test-method> <!-- teardown -->
      </class> <!-- com.Sauce.WebAutomation.DashboardTestCase -->
    </test> <!-- Default test -->
  </suite> <!-- Default suite -->
</testng-results>
